#! /usr/bin/vvp
:ivl_version "10.3 (stable)" "(v10_3)";
:ivl_delay_selection "TYPICAL";
:vpi_time_precision + 0;
:vpi_module "system";
:vpi_module "vhdl_sys";
:vpi_module "v2005_math";
:vpi_module "va_math";
S_0x556f73ff2110 .scope module, "alu_test" "alu_test" 2 11;
 .timescale 0 0;
v0x556f740be970_0 .var "command", 2 0;
v0x556f740bea50_0 .var "dtype", 2 0;
o0x7f1f15653078 .functor BUFZ 1, C4<z>; HiZ drive
v0x556f740beaf0_0 .net "iszero", 0 0, o0x7f1f15653078;  0 drivers
v0x556f740beb90_0 .var "operandA", 127 0;
v0x556f740bec30_0 .var "operandB", 127 0;
v0x556f740bed20_0 .net "result", 127 0, L_0x556f740bee60;  1 drivers
v0x556f740bedc0_0 .var "target_result", 127 0;
S_0x556f73ff2290 .scope module, "DUT" "aluv" 2 24, 3 17 0, S_0x556f73ff2110;
 .timescale 0 0;
    .port_info 0 /OUTPUT 128 "result"
    .port_info 1 /OUTPUT 1 "iszero"
    .port_info 2 /INPUT 128 "operandA"
    .port_info 3 /INPUT 128 "operandB"
    .port_info 4 /INPUT 3 "command"
    .port_info 5 /INPUT 3 "dtype"
L_0x556f740bee60 .functor BUFZ 128, v0x556f740be7d0_0, C4<00000000000000000000000000000000000000000000000000000000000000000000000000000000000000000000000000000000000000000000000000000000>, C4<00000000000000000000000000000000000000000000000000000000000000000000000000000000000000000000000000000000000000000000000000000000>, C4<00000000000000000000000000000000000000000000000000000000000000000000000000000000000000000000000000000000000000000000000000000000>;
v0x556f74079760_0 .net "command", 2 0, v0x556f740be970_0;  1 drivers
v0x556f740be360_0 .net "dtype", 2 0, v0x556f740bea50_0;  1 drivers
v0x556f740be440_0 .net "iszero", 0 0, o0x7f1f15653078;  alias, 0 drivers
v0x556f740be4e0_0 .net "operandA", 127 0, v0x556f740beb90_0;  1 drivers
v0x556f740be5c0_0 .net "operandB", 127 0, v0x556f740bec30_0;  1 drivers
v0x556f740be6f0_0 .net "result", 127 0, L_0x556f740bee60;  alias, 1 drivers
v0x556f740be7d0_0 .var "result_prelim", 127 0;
E_0x556f74079d70 .event edge, v0x556f74079760_0, v0x556f740be360_0, v0x556f740be4e0_0, v0x556f740be5c0_0;
    .scope S_0x556f73ff2290;
T_0 ;
    %wait E_0x556f74079d70;
    %load/vec4 v0x556f74079760_0;
    %dup/vec4;
    %pushi/vec4 0, 0, 3;
    %cmp/u;
    %jmp/1 T_0.0, 6;
    %dup/vec4;
    %pushi/vec4 1, 0, 3;
    %cmp/u;
    %jmp/1 T_0.1, 6;
    %dup/vec4;
    %pushi/vec4 2, 0, 3;
    %cmp/u;
    %jmp/1 T_0.2, 6;
    %dup/vec4;
    %pushi/vec4 4, 0, 3;
    %cmp/u;
    %jmp/1 T_0.3, 6;
    %dup/vec4;
    %pushi/vec4 5, 0, 3;
    %cmp/u;
    %jmp/1 T_0.4, 6;
    %dup/vec4;
    %pushi/vec4 6, 0, 3;
    %cmp/u;
    %jmp/1 T_0.5, 6;
    %dup/vec4;
    %pushi/vec4 7, 0, 3;
    %cmp/u;
    %jmp/1 T_0.6, 6;
    %dup/vec4;
    %pushi/vec4 3, 0, 3;
    %cmp/u;
    %jmp/1 T_0.7, 6;
    %jmp T_0.9;
T_0.0 ;
    %load/vec4 v0x556f740be360_0;
    %dup/vec4;
    %pushi/vec4 0, 0, 3;
    %cmp/u;
    %jmp/1 T_0.10, 6;
    %dup/vec4;
    %pushi/vec4 1, 0, 3;
    %cmp/u;
    %jmp/1 T_0.11, 6;
    %dup/vec4;
    %pushi/vec4 2, 0, 3;
    %cmp/u;
    %jmp/1 T_0.12, 6;
    %dup/vec4;
    %pushi/vec4 3, 0, 3;
    %cmp/u;
    %jmp/1 T_0.13, 6;
    %dup/vec4;
    %pushi/vec4 4, 0, 3;
    %cmp/u;
    %jmp/1 T_0.14, 6;
    %jmp T_0.15;
T_0.10 ;
    %load/vec4 v0x556f740be4e0_0;
    %parti/s 8, 120, 8;
    %load/vec4 v0x556f740be5c0_0;
    %parti/s 8, 120, 8;
    %add;
    %load/vec4 v0x556f740be4e0_0;
    %parti/s 8, 112, 8;
    %load/vec4 v0x556f740be5c0_0;
    %parti/s 8, 112, 8;
    %add;
    %concat/vec4; draw_concat_vec4
    %load/vec4 v0x556f740be4e0_0;
    %parti/s 8, 104, 8;
    %load/vec4 v0x556f740be5c0_0;
    %parti/s 8, 104, 8;
    %add;
    %concat/vec4; draw_concat_vec4
    %load/vec4 v0x556f740be4e0_0;
    %parti/s 8, 96, 8;
    %load/vec4 v0x556f740be5c0_0;
    %parti/s 8, 96, 8;
    %add;
    %concat/vec4; draw_concat_vec4
    %load/vec4 v0x556f740be4e0_0;
    %parti/s 8, 88, 8;
    %load/vec4 v0x556f740be5c0_0;
    %parti/s 8, 88, 8;
    %add;
    %concat/vec4; draw_concat_vec4
    %load/vec4 v0x556f740be4e0_0;
    %parti/s 8, 80, 8;
    %load/vec4 v0x556f740be5c0_0;
    %parti/s 8, 80, 8;
    %add;
    %concat/vec4; draw_concat_vec4
    %load/vec4 v0x556f740be4e0_0;
    %parti/s 8, 72, 8;
    %load/vec4 v0x556f740be5c0_0;
    %parti/s 8, 72, 8;
    %add;
    %concat/vec4; draw_concat_vec4
    %load/vec4 v0x556f740be4e0_0;
    %parti/s 8, 64, 8;
    %load/vec4 v0x556f740be5c0_0;
    %parti/s 8, 64, 8;
    %add;
    %concat/vec4; draw_concat_vec4
    %load/vec4 v0x556f740be4e0_0;
    %parti/s 8, 56, 7;
    %load/vec4 v0x556f740be5c0_0;
    %parti/s 8, 56, 7;
    %add;
    %concat/vec4; draw_concat_vec4
    %load/vec4 v0x556f740be4e0_0;
    %parti/s 8, 48, 7;
    %load/vec4 v0x556f740be5c0_0;
    %parti/s 8, 48, 7;
    %add;
    %concat/vec4; draw_concat_vec4
    %load/vec4 v0x556f740be4e0_0;
    %parti/s 8, 40, 7;
    %load/vec4 v0x556f740be5c0_0;
    %parti/s 8, 40, 7;
    %add;
    %concat/vec4; draw_concat_vec4
    %load/vec4 v0x556f740be4e0_0;
    %parti/s 8, 32, 7;
    %load/vec4 v0x556f740be5c0_0;
    %parti/s 8, 32, 7;
    %add;
    %concat/vec4; draw_concat_vec4
    %load/vec4 v0x556f740be4e0_0;
    %parti/s 8, 24, 6;
    %load/vec4 v0x556f740be5c0_0;
    %parti/s 8, 24, 6;
    %add;
    %concat/vec4; draw_concat_vec4
    %load/vec4 v0x556f740be4e0_0;
    %parti/s 8, 16, 6;
    %load/vec4 v0x556f740be5c0_0;
    %parti/s 8, 16, 6;
    %add;
    %concat/vec4; draw_concat_vec4
    %load/vec4 v0x556f740be4e0_0;
    %parti/s 8, 8, 5;
    %load/vec4 v0x556f740be5c0_0;
    %parti/s 8, 8, 5;
    %add;
    %concat/vec4; draw_concat_vec4
    %load/vec4 v0x556f740be4e0_0;
    %parti/s 8, 0, 2;
    %load/vec4 v0x556f740be5c0_0;
    %parti/s 8, 0, 2;
    %add;
    %concat/vec4; draw_concat_vec4
    %assign/vec4 v0x556f740be7d0_0, 0;
    %jmp T_0.15;
T_0.11 ;
    %load/vec4 v0x556f740be4e0_0;
    %parti/s 16, 112, 8;
    %load/vec4 v0x556f740be5c0_0;
    %parti/s 16, 112, 8;
    %add;
    %load/vec4 v0x556f740be4e0_0;
    %parti/s 16, 96, 8;
    %load/vec4 v0x556f740be5c0_0;
    %parti/s 16, 96, 8;
    %add;
    %concat/vec4; draw_concat_vec4
    %load/vec4 v0x556f740be4e0_0;
    %parti/s 16, 80, 8;
    %load/vec4 v0x556f740be5c0_0;
    %parti/s 16, 80, 8;
    %add;
    %concat/vec4; draw_concat_vec4
    %load/vec4 v0x556f740be4e0_0;
    %parti/s 16, 64, 8;
    %load/vec4 v0x556f740be5c0_0;
    %parti/s 16, 64, 8;
    %add;
    %concat/vec4; draw_concat_vec4
    %load/vec4 v0x556f740be4e0_0;
    %parti/s 16, 48, 7;
    %load/vec4 v0x556f740be5c0_0;
    %parti/s 16, 48, 7;
    %add;
    %concat/vec4; draw_concat_vec4
    %load/vec4 v0x556f740be4e0_0;
    %parti/s 16, 32, 7;
    %load/vec4 v0x556f740be5c0_0;
    %parti/s 16, 32, 7;
    %add;
    %concat/vec4; draw_concat_vec4
    %load/vec4 v0x556f740be4e0_0;
    %parti/s 16, 16, 6;
    %load/vec4 v0x556f740be5c0_0;
    %parti/s 16, 16, 6;
    %add;
    %concat/vec4; draw_concat_vec4
    %load/vec4 v0x556f740be4e0_0;
    %parti/s 16, 0, 2;
    %load/vec4 v0x556f740be5c0_0;
    %parti/s 16, 0, 2;
    %add;
    %concat/vec4; draw_concat_vec4
    %assign/vec4 v0x556f740be7d0_0, 0;
    %jmp T_0.15;
T_0.12 ;
    %load/vec4 v0x556f740be4e0_0;
    %parti/s 32, 96, 8;
    %load/vec4 v0x556f740be5c0_0;
    %parti/s 32, 96, 8;
    %add;
    %load/vec4 v0x556f740be4e0_0;
    %parti/s 32, 64, 8;
    %load/vec4 v0x556f740be5c0_0;
    %parti/s 32, 64, 8;
    %add;
    %concat/vec4; draw_concat_vec4
    %load/vec4 v0x556f740be4e0_0;
    %parti/s 32, 32, 7;
    %load/vec4 v0x556f740be5c0_0;
    %parti/s 32, 32, 7;
    %add;
    %concat/vec4; draw_concat_vec4
    %load/vec4 v0x556f740be4e0_0;
    %parti/s 32, 0, 2;
    %load/vec4 v0x556f740be5c0_0;
    %parti/s 32, 0, 2;
    %add;
    %concat/vec4; draw_concat_vec4
    %assign/vec4 v0x556f740be7d0_0, 0;
    %jmp T_0.15;
T_0.13 ;
    %load/vec4 v0x556f740be4e0_0;
    %parti/s 64, 64, 8;
    %load/vec4 v0x556f740be5c0_0;
    %parti/s 64, 64, 8;
    %add;
    %load/vec4 v0x556f740be4e0_0;
    %parti/s 64, 0, 2;
    %load/vec4 v0x556f740be5c0_0;
    %parti/s 64, 0, 2;
    %add;
    %concat/vec4; draw_concat_vec4
    %assign/vec4 v0x556f740be7d0_0, 0;
    %jmp T_0.15;
T_0.14 ;
    %load/vec4 v0x556f740be4e0_0;
    %load/vec4 v0x556f740be5c0_0;
    %add;
    %assign/vec4 v0x556f740be7d0_0, 0;
    %jmp T_0.15;
T_0.15 ;
    %pop/vec4 1;
    %jmp T_0.9;
T_0.1 ;
    %load/vec4 v0x556f740be360_0;
    %dup/vec4;
    %pushi/vec4 0, 0, 3;
    %cmp/u;
    %jmp/1 T_0.16, 6;
    %dup/vec4;
    %pushi/vec4 1, 0, 3;
    %cmp/u;
    %jmp/1 T_0.17, 6;
    %dup/vec4;
    %pushi/vec4 2, 0, 3;
    %cmp/u;
    %jmp/1 T_0.18, 6;
    %dup/vec4;
    %pushi/vec4 3, 0, 3;
    %cmp/u;
    %jmp/1 T_0.19, 6;
    %dup/vec4;
    %pushi/vec4 4, 0, 3;
    %cmp/u;
    %jmp/1 T_0.20, 6;
    %jmp T_0.21;
T_0.16 ;
    %load/vec4 v0x556f740be4e0_0;
    %parti/s 8, 120, 8;
    %load/vec4 v0x556f740be5c0_0;
    %parti/s 8, 120, 8;
    %sub;
    %load/vec4 v0x556f740be4e0_0;
    %parti/s 8, 112, 8;
    %load/vec4 v0x556f740be5c0_0;
    %parti/s 8, 112, 8;
    %sub;
    %concat/vec4; draw_concat_vec4
    %load/vec4 v0x556f740be4e0_0;
    %parti/s 8, 104, 8;
    %load/vec4 v0x556f740be5c0_0;
    %parti/s 8, 104, 8;
    %sub;
    %concat/vec4; draw_concat_vec4
    %load/vec4 v0x556f740be4e0_0;
    %parti/s 8, 96, 8;
    %load/vec4 v0x556f740be5c0_0;
    %parti/s 8, 96, 8;
    %sub;
    %concat/vec4; draw_concat_vec4
    %load/vec4 v0x556f740be4e0_0;
    %parti/s 8, 88, 8;
    %load/vec4 v0x556f740be5c0_0;
    %parti/s 8, 88, 8;
    %sub;
    %concat/vec4; draw_concat_vec4
    %load/vec4 v0x556f740be4e0_0;
    %parti/s 8, 80, 8;
    %load/vec4 v0x556f740be5c0_0;
    %parti/s 8, 80, 8;
    %sub;
    %concat/vec4; draw_concat_vec4
    %load/vec4 v0x556f740be4e0_0;
    %parti/s 8, 72, 8;
    %load/vec4 v0x556f740be5c0_0;
    %parti/s 8, 72, 8;
    %sub;
    %concat/vec4; draw_concat_vec4
    %load/vec4 v0x556f740be4e0_0;
    %parti/s 8, 64, 8;
    %load/vec4 v0x556f740be5c0_0;
    %parti/s 8, 64, 8;
    %sub;
    %concat/vec4; draw_concat_vec4
    %load/vec4 v0x556f740be4e0_0;
    %parti/s 8, 56, 7;
    %load/vec4 v0x556f740be5c0_0;
    %parti/s 8, 56, 7;
    %sub;
    %concat/vec4; draw_concat_vec4
    %load/vec4 v0x556f740be4e0_0;
    %parti/s 8, 48, 7;
    %load/vec4 v0x556f740be5c0_0;
    %parti/s 8, 48, 7;
    %sub;
    %concat/vec4; draw_concat_vec4
    %load/vec4 v0x556f740be4e0_0;
    %parti/s 8, 40, 7;
    %load/vec4 v0x556f740be5c0_0;
    %parti/s 8, 40, 7;
    %sub;
    %concat/vec4; draw_concat_vec4
    %load/vec4 v0x556f740be4e0_0;
    %parti/s 8, 32, 7;
    %load/vec4 v0x556f740be5c0_0;
    %parti/s 8, 32, 7;
    %sub;
    %concat/vec4; draw_concat_vec4
    %load/vec4 v0x556f740be4e0_0;
    %parti/s 8, 24, 6;
    %load/vec4 v0x556f740be5c0_0;
    %parti/s 8, 24, 6;
    %sub;
    %concat/vec4; draw_concat_vec4
    %load/vec4 v0x556f740be4e0_0;
    %parti/s 8, 16, 6;
    %load/vec4 v0x556f740be5c0_0;
    %parti/s 8, 16, 6;
    %sub;
    %concat/vec4; draw_concat_vec4
    %load/vec4 v0x556f740be4e0_0;
    %parti/s 8, 8, 5;
    %load/vec4 v0x556f740be5c0_0;
    %parti/s 8, 8, 5;
    %sub;
    %concat/vec4; draw_concat_vec4
    %load/vec4 v0x556f740be4e0_0;
    %parti/s 8, 0, 2;
    %load/vec4 v0x556f740be5c0_0;
    %parti/s 8, 0, 2;
    %sub;
    %concat/vec4; draw_concat_vec4
    %assign/vec4 v0x556f740be7d0_0, 0;
    %jmp T_0.21;
T_0.17 ;
    %load/vec4 v0x556f740be4e0_0;
    %parti/s 16, 112, 8;
    %load/vec4 v0x556f740be5c0_0;
    %parti/s 16, 112, 8;
    %sub;
    %load/vec4 v0x556f740be4e0_0;
    %parti/s 16, 96, 8;
    %load/vec4 v0x556f740be5c0_0;
    %parti/s 16, 96, 8;
    %sub;
    %concat/vec4; draw_concat_vec4
    %load/vec4 v0x556f740be4e0_0;
    %parti/s 16, 80, 8;
    %load/vec4 v0x556f740be5c0_0;
    %parti/s 16, 80, 8;
    %sub;
    %concat/vec4; draw_concat_vec4
    %load/vec4 v0x556f740be4e0_0;
    %parti/s 16, 64, 8;
    %load/vec4 v0x556f740be5c0_0;
    %parti/s 16, 64, 8;
    %sub;
    %concat/vec4; draw_concat_vec4
    %load/vec4 v0x556f740be4e0_0;
    %parti/s 16, 48, 7;
    %load/vec4 v0x556f740be5c0_0;
    %parti/s 16, 48, 7;
    %sub;
    %concat/vec4; draw_concat_vec4
    %load/vec4 v0x556f740be4e0_0;
    %parti/s 16, 32, 7;
    %load/vec4 v0x556f740be5c0_0;
    %parti/s 16, 32, 7;
    %sub;
    %concat/vec4; draw_concat_vec4
    %load/vec4 v0x556f740be4e0_0;
    %parti/s 16, 16, 6;
    %load/vec4 v0x556f740be5c0_0;
    %parti/s 16, 16, 6;
    %sub;
    %concat/vec4; draw_concat_vec4
    %load/vec4 v0x556f740be4e0_0;
    %parti/s 16, 0, 2;
    %load/vec4 v0x556f740be5c0_0;
    %parti/s 16, 0, 2;
    %sub;
    %concat/vec4; draw_concat_vec4
    %assign/vec4 v0x556f740be7d0_0, 0;
    %jmp T_0.21;
T_0.18 ;
    %load/vec4 v0x556f740be4e0_0;
    %parti/s 32, 96, 8;
    %load/vec4 v0x556f740be5c0_0;
    %parti/s 32, 96, 8;
    %sub;
    %load/vec4 v0x556f740be4e0_0;
    %parti/s 32, 64, 8;
    %load/vec4 v0x556f740be5c0_0;
    %parti/s 32, 64, 8;
    %sub;
    %concat/vec4; draw_concat_vec4
    %load/vec4 v0x556f740be4e0_0;
    %parti/s 32, 32, 7;
    %load/vec4 v0x556f740be5c0_0;
    %parti/s 32, 32, 7;
    %sub;
    %concat/vec4; draw_concat_vec4
    %load/vec4 v0x556f740be4e0_0;
    %parti/s 32, 0, 2;
    %load/vec4 v0x556f740be5c0_0;
    %parti/s 32, 0, 2;
    %sub;
    %concat/vec4; draw_concat_vec4
    %assign/vec4 v0x556f740be7d0_0, 0;
    %jmp T_0.21;
T_0.19 ;
    %load/vec4 v0x556f740be4e0_0;
    %parti/s 64, 64, 8;
    %load/vec4 v0x556f740be5c0_0;
    %parti/s 64, 64, 8;
    %sub;
    %load/vec4 v0x556f740be4e0_0;
    %parti/s 64, 0, 2;
    %load/vec4 v0x556f740be5c0_0;
    %parti/s 64, 0, 2;
    %sub;
    %concat/vec4; draw_concat_vec4
    %assign/vec4 v0x556f740be7d0_0, 0;
    %jmp T_0.21;
T_0.20 ;
    %load/vec4 v0x556f740be4e0_0;
    %load/vec4 v0x556f740be5c0_0;
    %sub;
    %assign/vec4 v0x556f740be7d0_0, 0;
    %jmp T_0.21;
T_0.21 ;
    %pop/vec4 1;
    %jmp T_0.9;
T_0.2 ;
    %load/vec4 v0x556f740be360_0;
    %dup/vec4;
    %pushi/vec4 0, 0, 3;
    %cmp/u;
    %jmp/1 T_0.22, 6;
    %dup/vec4;
    %pushi/vec4 1, 0, 3;
    %cmp/u;
    %jmp/1 T_0.23, 6;
    %dup/vec4;
    %pushi/vec4 2, 0, 3;
    %cmp/u;
    %jmp/1 T_0.24, 6;
    %dup/vec4;
    %pushi/vec4 3, 0, 3;
    %cmp/u;
    %jmp/1 T_0.25, 6;
    %dup/vec4;
    %pushi/vec4 4, 0, 3;
    %cmp/u;
    %jmp/1 T_0.26, 6;
    %jmp T_0.27;
T_0.22 ;
    %load/vec4 v0x556f740be4e0_0;
    %parti/s 8, 120, 8;
    %load/vec4 v0x556f740be5c0_0;
    %parti/s 8, 120, 8;
    %xor;
    %load/vec4 v0x556f740be4e0_0;
    %parti/s 8, 112, 8;
    %load/vec4 v0x556f740be5c0_0;
    %parti/s 8, 112, 8;
    %xor;
    %concat/vec4; draw_concat_vec4
    %load/vec4 v0x556f740be4e0_0;
    %parti/s 8, 104, 8;
    %load/vec4 v0x556f740be5c0_0;
    %parti/s 8, 104, 8;
    %xor;
    %concat/vec4; draw_concat_vec4
    %load/vec4 v0x556f740be4e0_0;
    %parti/s 8, 96, 8;
    %load/vec4 v0x556f740be5c0_0;
    %parti/s 8, 96, 8;
    %xor;
    %concat/vec4; draw_concat_vec4
    %load/vec4 v0x556f740be4e0_0;
    %parti/s 8, 88, 8;
    %load/vec4 v0x556f740be5c0_0;
    %parti/s 8, 88, 8;
    %xor;
    %concat/vec4; draw_concat_vec4
    %load/vec4 v0x556f740be4e0_0;
    %parti/s 8, 80, 8;
    %load/vec4 v0x556f740be5c0_0;
    %parti/s 8, 80, 8;
    %xor;
    %concat/vec4; draw_concat_vec4
    %load/vec4 v0x556f740be4e0_0;
    %parti/s 8, 72, 8;
    %load/vec4 v0x556f740be5c0_0;
    %parti/s 8, 72, 8;
    %xor;
    %concat/vec4; draw_concat_vec4
    %load/vec4 v0x556f740be4e0_0;
    %parti/s 8, 64, 8;
    %load/vec4 v0x556f740be5c0_0;
    %parti/s 8, 64, 8;
    %xor;
    %concat/vec4; draw_concat_vec4
    %load/vec4 v0x556f740be4e0_0;
    %parti/s 8, 56, 7;
    %load/vec4 v0x556f740be5c0_0;
    %parti/s 8, 56, 7;
    %xor;
    %concat/vec4; draw_concat_vec4
    %load/vec4 v0x556f740be4e0_0;
    %parti/s 8, 48, 7;
    %load/vec4 v0x556f740be5c0_0;
    %parti/s 8, 48, 7;
    %xor;
    %concat/vec4; draw_concat_vec4
    %load/vec4 v0x556f740be4e0_0;
    %parti/s 8, 40, 7;
    %load/vec4 v0x556f740be5c0_0;
    %parti/s 8, 40, 7;
    %xor;
    %concat/vec4; draw_concat_vec4
    %load/vec4 v0x556f740be4e0_0;
    %parti/s 8, 32, 7;
    %load/vec4 v0x556f740be5c0_0;
    %parti/s 8, 32, 7;
    %xor;
    %concat/vec4; draw_concat_vec4
    %load/vec4 v0x556f740be4e0_0;
    %parti/s 8, 24, 6;
    %load/vec4 v0x556f740be5c0_0;
    %parti/s 8, 24, 6;
    %xor;
    %concat/vec4; draw_concat_vec4
    %load/vec4 v0x556f740be4e0_0;
    %parti/s 8, 16, 6;
    %load/vec4 v0x556f740be5c0_0;
    %parti/s 8, 16, 6;
    %xor;
    %concat/vec4; draw_concat_vec4
    %load/vec4 v0x556f740be4e0_0;
    %parti/s 8, 8, 5;
    %load/vec4 v0x556f740be5c0_0;
    %parti/s 8, 8, 5;
    %xor;
    %concat/vec4; draw_concat_vec4
    %load/vec4 v0x556f740be4e0_0;
    %parti/s 8, 0, 2;
    %load/vec4 v0x556f740be5c0_0;
    %parti/s 8, 0, 2;
    %xor;
    %concat/vec4; draw_concat_vec4
    %assign/vec4 v0x556f740be7d0_0, 0;
    %jmp T_0.27;
T_0.23 ;
    %load/vec4 v0x556f740be4e0_0;
    %parti/s 16, 112, 8;
    %load/vec4 v0x556f740be5c0_0;
    %parti/s 16, 112, 8;
    %xor;
    %load/vec4 v0x556f740be4e0_0;
    %parti/s 16, 96, 8;
    %load/vec4 v0x556f740be5c0_0;
    %parti/s 16, 96, 8;
    %xor;
    %concat/vec4; draw_concat_vec4
    %load/vec4 v0x556f740be4e0_0;
    %parti/s 16, 80, 8;
    %load/vec4 v0x556f740be5c0_0;
    %parti/s 16, 80, 8;
    %xor;
    %concat/vec4; draw_concat_vec4
    %load/vec4 v0x556f740be4e0_0;
    %parti/s 16, 64, 8;
    %load/vec4 v0x556f740be5c0_0;
    %parti/s 16, 64, 8;
    %xor;
    %concat/vec4; draw_concat_vec4
    %load/vec4 v0x556f740be4e0_0;
    %parti/s 16, 48, 7;
    %load/vec4 v0x556f740be5c0_0;
    %parti/s 16, 48, 7;
    %xor;
    %concat/vec4; draw_concat_vec4
    %load/vec4 v0x556f740be4e0_0;
    %parti/s 16, 32, 7;
    %load/vec4 v0x556f740be5c0_0;
    %parti/s 16, 32, 7;
    %xor;
    %concat/vec4; draw_concat_vec4
    %load/vec4 v0x556f740be4e0_0;
    %parti/s 16, 16, 6;
    %load/vec4 v0x556f740be5c0_0;
    %parti/s 16, 16, 6;
    %xor;
    %concat/vec4; draw_concat_vec4
    %load/vec4 v0x556f740be4e0_0;
    %parti/s 16, 0, 2;
    %load/vec4 v0x556f740be5c0_0;
    %parti/s 16, 0, 2;
    %xor;
    %concat/vec4; draw_concat_vec4
    %assign/vec4 v0x556f740be7d0_0, 0;
    %jmp T_0.27;
T_0.24 ;
    %load/vec4 v0x556f740be4e0_0;
    %parti/s 32, 96, 8;
    %load/vec4 v0x556f740be5c0_0;
    %parti/s 32, 96, 8;
    %xor;
    %load/vec4 v0x556f740be4e0_0;
    %parti/s 32, 64, 8;
    %load/vec4 v0x556f740be5c0_0;
    %parti/s 32, 64, 8;
    %xor;
    %concat/vec4; draw_concat_vec4
    %load/vec4 v0x556f740be4e0_0;
    %parti/s 32, 32, 7;
    %load/vec4 v0x556f740be5c0_0;
    %parti/s 32, 32, 7;
    %xor;
    %concat/vec4; draw_concat_vec4
    %load/vec4 v0x556f740be4e0_0;
    %parti/s 32, 0, 2;
    %load/vec4 v0x556f740be5c0_0;
    %parti/s 32, 0, 2;
    %xor;
    %concat/vec4; draw_concat_vec4
    %assign/vec4 v0x556f740be7d0_0, 0;
    %jmp T_0.27;
T_0.25 ;
    %load/vec4 v0x556f740be4e0_0;
    %parti/s 64, 64, 8;
    %load/vec4 v0x556f740be5c0_0;
    %parti/s 64, 64, 8;
    %xor;
    %load/vec4 v0x556f740be4e0_0;
    %parti/s 64, 0, 2;
    %load/vec4 v0x556f740be5c0_0;
    %parti/s 64, 0, 2;
    %xor;
    %concat/vec4; draw_concat_vec4
    %assign/vec4 v0x556f740be7d0_0, 0;
    %jmp T_0.27;
T_0.26 ;
    %load/vec4 v0x556f740be4e0_0;
    %load/vec4 v0x556f740be5c0_0;
    %xor;
    %assign/vec4 v0x556f740be7d0_0, 0;
    %jmp T_0.27;
T_0.27 ;
    %pop/vec4 1;
    %jmp T_0.9;
T_0.3 ;
    %load/vec4 v0x556f740be360_0;
    %dup/vec4;
    %pushi/vec4 0, 0, 3;
    %cmp/u;
    %jmp/1 T_0.28, 6;
    %dup/vec4;
    %pushi/vec4 1, 0, 3;
    %cmp/u;
    %jmp/1 T_0.29, 6;
    %dup/vec4;
    %pushi/vec4 2, 0, 3;
    %cmp/u;
    %jmp/1 T_0.30, 6;
    %dup/vec4;
    %pushi/vec4 3, 0, 3;
    %cmp/u;
    %jmp/1 T_0.31, 6;
    %dup/vec4;
    %pushi/vec4 4, 0, 3;
    %cmp/u;
    %jmp/1 T_0.32, 6;
    %jmp T_0.33;
T_0.28 ;
    %load/vec4 v0x556f740be4e0_0;
    %parti/s 8, 120, 8;
    %load/vec4 v0x556f740be5c0_0;
    %parti/s 8, 120, 8;
    %and;
    %load/vec4 v0x556f740be4e0_0;
    %parti/s 8, 112, 8;
    %load/vec4 v0x556f740be5c0_0;
    %parti/s 8, 112, 8;
    %and;
    %concat/vec4; draw_concat_vec4
    %load/vec4 v0x556f740be4e0_0;
    %parti/s 8, 104, 8;
    %load/vec4 v0x556f740be5c0_0;
    %parti/s 8, 104, 8;
    %and;
    %concat/vec4; draw_concat_vec4
    %load/vec4 v0x556f740be4e0_0;
    %parti/s 8, 96, 8;
    %load/vec4 v0x556f740be5c0_0;
    %parti/s 8, 96, 8;
    %and;
    %concat/vec4; draw_concat_vec4
    %load/vec4 v0x556f740be4e0_0;
    %parti/s 8, 88, 8;
    %load/vec4 v0x556f740be5c0_0;
    %parti/s 8, 88, 8;
    %and;
    %concat/vec4; draw_concat_vec4
    %load/vec4 v0x556f740be4e0_0;
    %parti/s 8, 80, 8;
    %load/vec4 v0x556f740be5c0_0;
    %parti/s 8, 80, 8;
    %and;
    %concat/vec4; draw_concat_vec4
    %load/vec4 v0x556f740be4e0_0;
    %parti/s 8, 72, 8;
    %load/vec4 v0x556f740be5c0_0;
    %parti/s 8, 72, 8;
    %and;
    %concat/vec4; draw_concat_vec4
    %load/vec4 v0x556f740be4e0_0;
    %parti/s 8, 64, 8;
    %load/vec4 v0x556f740be5c0_0;
    %parti/s 8, 64, 8;
    %and;
    %concat/vec4; draw_concat_vec4
    %load/vec4 v0x556f740be4e0_0;
    %parti/s 8, 56, 7;
    %load/vec4 v0x556f740be5c0_0;
    %parti/s 8, 56, 7;
    %and;
    %concat/vec4; draw_concat_vec4
    %load/vec4 v0x556f740be4e0_0;
    %parti/s 8, 48, 7;
    %load/vec4 v0x556f740be5c0_0;
    %parti/s 8, 48, 7;
    %and;
    %concat/vec4; draw_concat_vec4
    %load/vec4 v0x556f740be4e0_0;
    %parti/s 8, 40, 7;
    %load/vec4 v0x556f740be5c0_0;
    %parti/s 8, 40, 7;
    %and;
    %concat/vec4; draw_concat_vec4
    %load/vec4 v0x556f740be4e0_0;
    %parti/s 8, 32, 7;
    %load/vec4 v0x556f740be5c0_0;
    %parti/s 8, 32, 7;
    %and;
    %concat/vec4; draw_concat_vec4
    %load/vec4 v0x556f740be4e0_0;
    %parti/s 8, 24, 6;
    %load/vec4 v0x556f740be5c0_0;
    %parti/s 8, 24, 6;
    %and;
    %concat/vec4; draw_concat_vec4
    %load/vec4 v0x556f740be4e0_0;
    %parti/s 8, 16, 6;
    %load/vec4 v0x556f740be5c0_0;
    %parti/s 8, 16, 6;
    %and;
    %concat/vec4; draw_concat_vec4
    %load/vec4 v0x556f740be4e0_0;
    %parti/s 8, 8, 5;
    %load/vec4 v0x556f740be5c0_0;
    %parti/s 8, 8, 5;
    %and;
    %concat/vec4; draw_concat_vec4
    %load/vec4 v0x556f740be4e0_0;
    %parti/s 8, 0, 2;
    %load/vec4 v0x556f740be5c0_0;
    %parti/s 8, 0, 2;
    %and;
    %concat/vec4; draw_concat_vec4
    %assign/vec4 v0x556f740be7d0_0, 0;
    %jmp T_0.33;
T_0.29 ;
    %load/vec4 v0x556f740be4e0_0;
    %parti/s 16, 112, 8;
    %load/vec4 v0x556f740be5c0_0;
    %parti/s 16, 112, 8;
    %and;
    %load/vec4 v0x556f740be4e0_0;
    %parti/s 16, 96, 8;
    %load/vec4 v0x556f740be5c0_0;
    %parti/s 16, 96, 8;
    %and;
    %concat/vec4; draw_concat_vec4
    %load/vec4 v0x556f740be4e0_0;
    %parti/s 16, 80, 8;
    %load/vec4 v0x556f740be5c0_0;
    %parti/s 16, 80, 8;
    %and;
    %concat/vec4; draw_concat_vec4
    %load/vec4 v0x556f740be4e0_0;
    %parti/s 16, 64, 8;
    %load/vec4 v0x556f740be5c0_0;
    %parti/s 16, 64, 8;
    %and;
    %concat/vec4; draw_concat_vec4
    %load/vec4 v0x556f740be4e0_0;
    %parti/s 16, 48, 7;
    %load/vec4 v0x556f740be5c0_0;
    %parti/s 16, 48, 7;
    %and;
    %concat/vec4; draw_concat_vec4
    %load/vec4 v0x556f740be4e0_0;
    %parti/s 16, 32, 7;
    %load/vec4 v0x556f740be5c0_0;
    %parti/s 16, 32, 7;
    %and;
    %concat/vec4; draw_concat_vec4
    %load/vec4 v0x556f740be4e0_0;
    %parti/s 16, 16, 6;
    %load/vec4 v0x556f740be5c0_0;
    %parti/s 16, 16, 6;
    %and;
    %concat/vec4; draw_concat_vec4
    %load/vec4 v0x556f740be4e0_0;
    %parti/s 16, 0, 2;
    %load/vec4 v0x556f740be5c0_0;
    %parti/s 16, 0, 2;
    %and;
    %concat/vec4; draw_concat_vec4
    %assign/vec4 v0x556f740be7d0_0, 0;
    %jmp T_0.33;
T_0.30 ;
    %load/vec4 v0x556f740be4e0_0;
    %parti/s 32, 96, 8;
    %load/vec4 v0x556f740be5c0_0;
    %parti/s 32, 96, 8;
    %and;
    %load/vec4 v0x556f740be4e0_0;
    %parti/s 32, 64, 8;
    %load/vec4 v0x556f740be5c0_0;
    %parti/s 32, 64, 8;
    %and;
    %concat/vec4; draw_concat_vec4
    %load/vec4 v0x556f740be4e0_0;
    %parti/s 32, 32, 7;
    %load/vec4 v0x556f740be5c0_0;
    %parti/s 32, 32, 7;
    %and;
    %concat/vec4; draw_concat_vec4
    %load/vec4 v0x556f740be4e0_0;
    %parti/s 32, 0, 2;
    %load/vec4 v0x556f740be5c0_0;
    %parti/s 32, 0, 2;
    %and;
    %concat/vec4; draw_concat_vec4
    %assign/vec4 v0x556f740be7d0_0, 0;
    %jmp T_0.33;
T_0.31 ;
    %load/vec4 v0x556f740be4e0_0;
    %parti/s 64, 64, 8;
    %load/vec4 v0x556f740be5c0_0;
    %parti/s 64, 64, 8;
    %and;
    %load/vec4 v0x556f740be4e0_0;
    %parti/s 64, 0, 2;
    %load/vec4 v0x556f740be5c0_0;
    %parti/s 64, 0, 2;
    %and;
    %concat/vec4; draw_concat_vec4
    %assign/vec4 v0x556f740be7d0_0, 0;
    %jmp T_0.33;
T_0.32 ;
    %load/vec4 v0x556f740be4e0_0;
    %load/vec4 v0x556f740be5c0_0;
    %and;
    %assign/vec4 v0x556f740be7d0_0, 0;
    %jmp T_0.33;
T_0.33 ;
    %pop/vec4 1;
    %jmp T_0.9;
T_0.4 ;
    %load/vec4 v0x556f740be360_0;
    %dup/vec4;
    %pushi/vec4 0, 0, 3;
    %cmp/u;
    %jmp/1 T_0.34, 6;
    %dup/vec4;
    %pushi/vec4 1, 0, 3;
    %cmp/u;
    %jmp/1 T_0.35, 6;
    %dup/vec4;
    %pushi/vec4 2, 0, 3;
    %cmp/u;
    %jmp/1 T_0.36, 6;
    %dup/vec4;
    %pushi/vec4 3, 0, 3;
    %cmp/u;
    %jmp/1 T_0.37, 6;
    %dup/vec4;
    %pushi/vec4 4, 0, 3;
    %cmp/u;
    %jmp/1 T_0.38, 6;
    %jmp T_0.39;
T_0.34 ;
    %load/vec4 v0x556f740be4e0_0;
    %parti/s 8, 120, 8;
    %load/vec4 v0x556f740be5c0_0;
    %parti/s 8, 120, 8;
    %and;
    %inv;
    %load/vec4 v0x556f740be4e0_0;
    %parti/s 8, 112, 8;
    %load/vec4 v0x556f740be5c0_0;
    %parti/s 8, 112, 8;
    %and;
    %inv;
    %concat/vec4; draw_concat_vec4
    %load/vec4 v0x556f740be4e0_0;
    %parti/s 8, 104, 8;
    %load/vec4 v0x556f740be5c0_0;
    %parti/s 8, 104, 8;
    %and;
    %inv;
    %concat/vec4; draw_concat_vec4
    %load/vec4 v0x556f740be4e0_0;
    %parti/s 8, 96, 8;
    %load/vec4 v0x556f740be5c0_0;
    %parti/s 8, 96, 8;
    %and;
    %inv;
    %concat/vec4; draw_concat_vec4
    %load/vec4 v0x556f740be4e0_0;
    %parti/s 8, 88, 8;
    %load/vec4 v0x556f740be5c0_0;
    %parti/s 8, 88, 8;
    %and;
    %inv;
    %concat/vec4; draw_concat_vec4
    %load/vec4 v0x556f740be4e0_0;
    %parti/s 8, 80, 8;
    %load/vec4 v0x556f740be5c0_0;
    %parti/s 8, 80, 8;
    %and;
    %inv;
    %concat/vec4; draw_concat_vec4
    %load/vec4 v0x556f740be4e0_0;
    %parti/s 8, 72, 8;
    %load/vec4 v0x556f740be5c0_0;
    %parti/s 8, 72, 8;
    %and;
    %inv;
    %concat/vec4; draw_concat_vec4
    %load/vec4 v0x556f740be4e0_0;
    %parti/s 8, 64, 8;
    %load/vec4 v0x556f740be5c0_0;
    %parti/s 8, 64, 8;
    %and;
    %inv;
    %concat/vec4; draw_concat_vec4
    %load/vec4 v0x556f740be4e0_0;
    %parti/s 8, 56, 7;
    %load/vec4 v0x556f740be5c0_0;
    %parti/s 8, 56, 7;
    %and;
    %inv;
    %concat/vec4; draw_concat_vec4
    %load/vec4 v0x556f740be4e0_0;
    %parti/s 8, 48, 7;
    %load/vec4 v0x556f740be5c0_0;
    %parti/s 8, 48, 7;
    %and;
    %inv;
    %concat/vec4; draw_concat_vec4
    %load/vec4 v0x556f740be4e0_0;
    %parti/s 8, 40, 7;
    %load/vec4 v0x556f740be5c0_0;
    %parti/s 8, 40, 7;
    %and;
    %inv;
    %concat/vec4; draw_concat_vec4
    %load/vec4 v0x556f740be4e0_0;
    %parti/s 8, 32, 7;
    %load/vec4 v0x556f740be5c0_0;
    %parti/s 8, 32, 7;
    %and;
    %inv;
    %concat/vec4; draw_concat_vec4
    %load/vec4 v0x556f740be4e0_0;
    %parti/s 8, 24, 6;
    %load/vec4 v0x556f740be5c0_0;
    %parti/s 8, 24, 6;
    %and;
    %inv;
    %concat/vec4; draw_concat_vec4
    %load/vec4 v0x556f740be4e0_0;
    %parti/s 8, 16, 6;
    %load/vec4 v0x556f740be5c0_0;
    %parti/s 8, 16, 6;
    %and;
    %inv;
    %concat/vec4; draw_concat_vec4
    %load/vec4 v0x556f740be4e0_0;
    %parti/s 8, 8, 5;
    %load/vec4 v0x556f740be5c0_0;
    %parti/s 8, 8, 5;
    %and;
    %inv;
    %concat/vec4; draw_concat_vec4
    %load/vec4 v0x556f740be4e0_0;
    %parti/s 8, 0, 2;
    %load/vec4 v0x556f740be5c0_0;
    %parti/s 8, 0, 2;
    %and;
    %inv;
    %concat/vec4; draw_concat_vec4
    %assign/vec4 v0x556f740be7d0_0, 0;
    %jmp T_0.39;
T_0.35 ;
    %load/vec4 v0x556f740be4e0_0;
    %parti/s 16, 112, 8;
    %load/vec4 v0x556f740be5c0_0;
    %parti/s 16, 112, 8;
    %and;
    %inv;
    %load/vec4 v0x556f740be4e0_0;
    %parti/s 16, 96, 8;
    %load/vec4 v0x556f740be5c0_0;
    %parti/s 16, 96, 8;
    %and;
    %inv;
    %concat/vec4; draw_concat_vec4
    %load/vec4 v0x556f740be4e0_0;
    %parti/s 16, 80, 8;
    %load/vec4 v0x556f740be5c0_0;
    %parti/s 16, 80, 8;
    %and;
    %inv;
    %concat/vec4; draw_concat_vec4
    %load/vec4 v0x556f740be4e0_0;
    %parti/s 16, 64, 8;
    %load/vec4 v0x556f740be5c0_0;
    %parti/s 16, 64, 8;
    %and;
    %inv;
    %concat/vec4; draw_concat_vec4
    %load/vec4 v0x556f740be4e0_0;
    %parti/s 16, 48, 7;
    %load/vec4 v0x556f740be5c0_0;
    %parti/s 16, 48, 7;
    %and;
    %inv;
    %concat/vec4; draw_concat_vec4
    %load/vec4 v0x556f740be4e0_0;
    %parti/s 16, 32, 7;
    %load/vec4 v0x556f740be5c0_0;
    %parti/s 16, 32, 7;
    %and;
    %inv;
    %concat/vec4; draw_concat_vec4
    %load/vec4 v0x556f740be4e0_0;
    %parti/s 16, 16, 6;
    %load/vec4 v0x556f740be5c0_0;
    %parti/s 16, 16, 6;
    %and;
    %inv;
    %concat/vec4; draw_concat_vec4
    %load/vec4 v0x556f740be4e0_0;
    %parti/s 16, 0, 2;
    %load/vec4 v0x556f740be5c0_0;
    %parti/s 16, 0, 2;
    %and;
    %inv;
    %concat/vec4; draw_concat_vec4
    %assign/vec4 v0x556f740be7d0_0, 0;
    %jmp T_0.39;
T_0.36 ;
    %load/vec4 v0x556f740be4e0_0;
    %parti/s 32, 96, 8;
    %load/vec4 v0x556f740be5c0_0;
    %parti/s 32, 96, 8;
    %and;
    %inv;
    %load/vec4 v0x556f740be4e0_0;
    %parti/s 32, 64, 8;
    %load/vec4 v0x556f740be5c0_0;
    %parti/s 32, 64, 8;
    %and;
    %inv;
    %concat/vec4; draw_concat_vec4
    %load/vec4 v0x556f740be4e0_0;
    %parti/s 32, 32, 7;
    %load/vec4 v0x556f740be5c0_0;
    %parti/s 32, 32, 7;
    %and;
    %inv;
    %concat/vec4; draw_concat_vec4
    %load/vec4 v0x556f740be4e0_0;
    %parti/s 32, 0, 2;
    %load/vec4 v0x556f740be5c0_0;
    %parti/s 32, 0, 2;
    %and;
    %inv;
    %concat/vec4; draw_concat_vec4
    %assign/vec4 v0x556f740be7d0_0, 0;
    %jmp T_0.39;
T_0.37 ;
    %load/vec4 v0x556f740be4e0_0;
    %parti/s 64, 64, 8;
    %load/vec4 v0x556f740be5c0_0;
    %parti/s 64, 64, 8;
    %and;
    %inv;
    %load/vec4 v0x556f740be4e0_0;
    %parti/s 64, 0, 2;
    %load/vec4 v0x556f740be5c0_0;
    %parti/s 64, 0, 2;
    %and;
    %inv;
    %concat/vec4; draw_concat_vec4
    %assign/vec4 v0x556f740be7d0_0, 0;
    %jmp T_0.39;
T_0.38 ;
    %load/vec4 v0x556f740be4e0_0;
    %load/vec4 v0x556f740be5c0_0;
    %and;
    %inv;
    %assign/vec4 v0x556f740be7d0_0, 0;
    %jmp T_0.39;
T_0.39 ;
    %pop/vec4 1;
    %jmp T_0.9;
T_0.5 ;
    %load/vec4 v0x556f740be360_0;
    %dup/vec4;
    %pushi/vec4 0, 0, 3;
    %cmp/u;
    %jmp/1 T_0.40, 6;
    %dup/vec4;
    %pushi/vec4 1, 0, 3;
    %cmp/u;
    %jmp/1 T_0.41, 6;
    %dup/vec4;
    %pushi/vec4 2, 0, 3;
    %cmp/u;
    %jmp/1 T_0.42, 6;
    %dup/vec4;
    %pushi/vec4 3, 0, 3;
    %cmp/u;
    %jmp/1 T_0.43, 6;
    %dup/vec4;
    %pushi/vec4 4, 0, 3;
    %cmp/u;
    %jmp/1 T_0.44, 6;
    %jmp T_0.45;
T_0.40 ;
    %load/vec4 v0x556f740be4e0_0;
    %parti/s 8, 120, 8;
    %load/vec4 v0x556f740be5c0_0;
    %parti/s 8, 120, 8;
    %or;
    %inv;
    %load/vec4 v0x556f740be4e0_0;
    %parti/s 8, 112, 8;
    %load/vec4 v0x556f740be5c0_0;
    %parti/s 8, 112, 8;
    %or;
    %inv;
    %concat/vec4; draw_concat_vec4
    %load/vec4 v0x556f740be4e0_0;
    %parti/s 8, 104, 8;
    %load/vec4 v0x556f740be5c0_0;
    %parti/s 8, 104, 8;
    %or;
    %inv;
    %concat/vec4; draw_concat_vec4
    %load/vec4 v0x556f740be4e0_0;
    %parti/s 8, 96, 8;
    %load/vec4 v0x556f740be5c0_0;
    %parti/s 8, 96, 8;
    %or;
    %inv;
    %concat/vec4; draw_concat_vec4
    %load/vec4 v0x556f740be4e0_0;
    %parti/s 8, 88, 8;
    %load/vec4 v0x556f740be5c0_0;
    %parti/s 8, 88, 8;
    %or;
    %inv;
    %concat/vec4; draw_concat_vec4
    %load/vec4 v0x556f740be4e0_0;
    %parti/s 8, 80, 8;
    %load/vec4 v0x556f740be5c0_0;
    %parti/s 8, 80, 8;
    %or;
    %inv;
    %concat/vec4; draw_concat_vec4
    %load/vec4 v0x556f740be4e0_0;
    %parti/s 8, 72, 8;
    %load/vec4 v0x556f740be5c0_0;
    %parti/s 8, 72, 8;
    %or;
    %inv;
    %concat/vec4; draw_concat_vec4
    %load/vec4 v0x556f740be4e0_0;
    %parti/s 8, 64, 8;
    %load/vec4 v0x556f740be5c0_0;
    %parti/s 8, 64, 8;
    %or;
    %inv;
    %concat/vec4; draw_concat_vec4
    %load/vec4 v0x556f740be4e0_0;
    %parti/s 8, 56, 7;
    %load/vec4 v0x556f740be5c0_0;
    %parti/s 8, 56, 7;
    %or;
    %inv;
    %concat/vec4; draw_concat_vec4
    %load/vec4 v0x556f740be4e0_0;
    %parti/s 8, 48, 7;
    %load/vec4 v0x556f740be5c0_0;
    %parti/s 8, 48, 7;
    %or;
    %inv;
    %concat/vec4; draw_concat_vec4
    %load/vec4 v0x556f740be4e0_0;
    %parti/s 8, 40, 7;
    %load/vec4 v0x556f740be5c0_0;
    %parti/s 8, 40, 7;
    %or;
    %inv;
    %concat/vec4; draw_concat_vec4
    %load/vec4 v0x556f740be4e0_0;
    %parti/s 8, 32, 7;
    %load/vec4 v0x556f740be5c0_0;
    %parti/s 8, 32, 7;
    %or;
    %inv;
    %concat/vec4; draw_concat_vec4
    %load/vec4 v0x556f740be4e0_0;
    %parti/s 8, 24, 6;
    %load/vec4 v0x556f740be5c0_0;
    %parti/s 8, 24, 6;
    %or;
    %inv;
    %concat/vec4; draw_concat_vec4
    %load/vec4 v0x556f740be4e0_0;
    %parti/s 8, 16, 6;
    %load/vec4 v0x556f740be5c0_0;
    %parti/s 8, 16, 6;
    %or;
    %inv;
    %concat/vec4; draw_concat_vec4
    %load/vec4 v0x556f740be4e0_0;
    %parti/s 8, 8, 5;
    %load/vec4 v0x556f740be5c0_0;
    %parti/s 8, 8, 5;
    %or;
    %inv;
    %concat/vec4; draw_concat_vec4
    %load/vec4 v0x556f740be4e0_0;
    %parti/s 8, 0, 2;
    %load/vec4 v0x556f740be5c0_0;
    %parti/s 8, 0, 2;
    %or;
    %inv;
    %concat/vec4; draw_concat_vec4
    %assign/vec4 v0x556f740be7d0_0, 0;
    %jmp T_0.45;
T_0.41 ;
    %load/vec4 v0x556f740be4e0_0;
    %parti/s 16, 112, 8;
    %load/vec4 v0x556f740be5c0_0;
    %parti/s 16, 112, 8;
    %or;
    %inv;
    %load/vec4 v0x556f740be4e0_0;
    %parti/s 16, 96, 8;
    %load/vec4 v0x556f740be5c0_0;
    %parti/s 16, 96, 8;
    %or;
    %inv;
    %concat/vec4; draw_concat_vec4
    %load/vec4 v0x556f740be4e0_0;
    %parti/s 16, 80, 8;
    %load/vec4 v0x556f740be5c0_0;
    %parti/s 16, 80, 8;
    %or;
    %inv;
    %concat/vec4; draw_concat_vec4
    %load/vec4 v0x556f740be4e0_0;
    %parti/s 16, 64, 8;
    %load/vec4 v0x556f740be5c0_0;
    %parti/s 16, 64, 8;
    %or;
    %inv;
    %concat/vec4; draw_concat_vec4
    %load/vec4 v0x556f740be4e0_0;
    %parti/s 16, 48, 7;
    %load/vec4 v0x556f740be5c0_0;
    %parti/s 16, 48, 7;
    %or;
    %inv;
    %concat/vec4; draw_concat_vec4
    %load/vec4 v0x556f740be4e0_0;
    %parti/s 16, 32, 7;
    %load/vec4 v0x556f740be5c0_0;
    %parti/s 16, 32, 7;
    %or;
    %inv;
    %concat/vec4; draw_concat_vec4
    %load/vec4 v0x556f740be4e0_0;
    %parti/s 16, 16, 6;
    %load/vec4 v0x556f740be5c0_0;
    %parti/s 16, 16, 6;
    %or;
    %inv;
    %concat/vec4; draw_concat_vec4
    %load/vec4 v0x556f740be4e0_0;
    %parti/s 16, 0, 2;
    %load/vec4 v0x556f740be5c0_0;
    %parti/s 16, 0, 2;
    %or;
    %inv;
    %concat/vec4; draw_concat_vec4
    %assign/vec4 v0x556f740be7d0_0, 0;
    %jmp T_0.45;
T_0.42 ;
    %load/vec4 v0x556f740be4e0_0;
    %parti/s 32, 96, 8;
    %load/vec4 v0x556f740be5c0_0;
    %parti/s 32, 96, 8;
    %or;
    %inv;
    %load/vec4 v0x556f740be4e0_0;
    %parti/s 32, 64, 8;
    %load/vec4 v0x556f740be5c0_0;
    %parti/s 32, 64, 8;
    %or;
    %inv;
    %concat/vec4; draw_concat_vec4
    %load/vec4 v0x556f740be4e0_0;
    %parti/s 32, 32, 7;
    %load/vec4 v0x556f740be5c0_0;
    %parti/s 32, 32, 7;
    %or;
    %inv;
    %concat/vec4; draw_concat_vec4
    %load/vec4 v0x556f740be4e0_0;
    %parti/s 32, 0, 2;
    %load/vec4 v0x556f740be5c0_0;
    %parti/s 32, 0, 2;
    %or;
    %inv;
    %concat/vec4; draw_concat_vec4
    %assign/vec4 v0x556f740be7d0_0, 0;
    %jmp T_0.45;
T_0.43 ;
    %load/vec4 v0x556f740be4e0_0;
    %parti/s 64, 64, 8;
    %load/vec4 v0x556f740be5c0_0;
    %parti/s 64, 64, 8;
    %or;
    %inv;
    %load/vec4 v0x556f740be4e0_0;
    %parti/s 64, 0, 2;
    %load/vec4 v0x556f740be5c0_0;
    %parti/s 64, 0, 2;
    %or;
    %inv;
    %concat/vec4; draw_concat_vec4
    %assign/vec4 v0x556f740be7d0_0, 0;
    %jmp T_0.45;
T_0.44 ;
    %load/vec4 v0x556f740be4e0_0;
    %load/vec4 v0x556f740be5c0_0;
    %or;
    %inv;
    %assign/vec4 v0x556f740be7d0_0, 0;
    %jmp T_0.45;
T_0.45 ;
    %pop/vec4 1;
    %jmp T_0.9;
T_0.6 ;
    %load/vec4 v0x556f740be360_0;
    %dup/vec4;
    %pushi/vec4 0, 0, 3;
    %cmp/u;
    %jmp/1 T_0.46, 6;
    %dup/vec4;
    %pushi/vec4 1, 0, 3;
    %cmp/u;
    %jmp/1 T_0.47, 6;
    %dup/vec4;
    %pushi/vec4 2, 0, 3;
    %cmp/u;
    %jmp/1 T_0.48, 6;
    %dup/vec4;
    %pushi/vec4 3, 0, 3;
    %cmp/u;
    %jmp/1 T_0.49, 6;
    %dup/vec4;
    %pushi/vec4 4, 0, 3;
    %cmp/u;
    %jmp/1 T_0.50, 6;
    %jmp T_0.51;
T_0.46 ;
    %load/vec4 v0x556f740be4e0_0;
    %parti/s 8, 120, 8;
    %load/vec4 v0x556f740be5c0_0;
    %parti/s 8, 120, 8;
    %or;
    %load/vec4 v0x556f740be4e0_0;
    %parti/s 8, 112, 8;
    %load/vec4 v0x556f740be5c0_0;
    %parti/s 8, 112, 8;
    %or;
    %concat/vec4; draw_concat_vec4
    %load/vec4 v0x556f740be4e0_0;
    %parti/s 8, 104, 8;
    %load/vec4 v0x556f740be5c0_0;
    %parti/s 8, 104, 8;
    %or;
    %concat/vec4; draw_concat_vec4
    %load/vec4 v0x556f740be4e0_0;
    %parti/s 8, 96, 8;
    %load/vec4 v0x556f740be5c0_0;
    %parti/s 8, 96, 8;
    %or;
    %concat/vec4; draw_concat_vec4
    %load/vec4 v0x556f740be4e0_0;
    %parti/s 8, 88, 8;
    %load/vec4 v0x556f740be5c0_0;
    %parti/s 8, 88, 8;
    %or;
    %concat/vec4; draw_concat_vec4
    %load/vec4 v0x556f740be4e0_0;
    %parti/s 8, 80, 8;
    %load/vec4 v0x556f740be5c0_0;
    %parti/s 8, 80, 8;
    %or;
    %concat/vec4; draw_concat_vec4
    %load/vec4 v0x556f740be4e0_0;
    %parti/s 8, 72, 8;
    %load/vec4 v0x556f740be5c0_0;
    %parti/s 8, 72, 8;
    %or;
    %concat/vec4; draw_concat_vec4
    %load/vec4 v0x556f740be4e0_0;
    %parti/s 8, 64, 8;
    %load/vec4 v0x556f740be5c0_0;
    %parti/s 8, 64, 8;
    %or;
    %concat/vec4; draw_concat_vec4
    %load/vec4 v0x556f740be4e0_0;
    %parti/s 8, 56, 7;
    %load/vec4 v0x556f740be5c0_0;
    %parti/s 8, 56, 7;
    %or;
    %concat/vec4; draw_concat_vec4
    %load/vec4 v0x556f740be4e0_0;
    %parti/s 8, 48, 7;
    %load/vec4 v0x556f740be5c0_0;
    %parti/s 8, 48, 7;
    %or;
    %concat/vec4; draw_concat_vec4
    %load/vec4 v0x556f740be4e0_0;
    %parti/s 8, 40, 7;
    %load/vec4 v0x556f740be5c0_0;
    %parti/s 8, 40, 7;
    %or;
    %concat/vec4; draw_concat_vec4
    %load/vec4 v0x556f740be4e0_0;
    %parti/s 8, 32, 7;
    %load/vec4 v0x556f740be5c0_0;
    %parti/s 8, 32, 7;
    %or;
    %concat/vec4; draw_concat_vec4
    %load/vec4 v0x556f740be4e0_0;
    %parti/s 8, 24, 6;
    %load/vec4 v0x556f740be5c0_0;
    %parti/s 8, 24, 6;
    %or;
    %concat/vec4; draw_concat_vec4
    %load/vec4 v0x556f740be4e0_0;
    %parti/s 8, 16, 6;
    %load/vec4 v0x556f740be5c0_0;
    %parti/s 8, 16, 6;
    %or;
    %concat/vec4; draw_concat_vec4
    %load/vec4 v0x556f740be4e0_0;
    %parti/s 8, 8, 5;
    %load/vec4 v0x556f740be5c0_0;
    %parti/s 8, 8, 5;
    %or;
    %concat/vec4; draw_concat_vec4
    %load/vec4 v0x556f740be4e0_0;
    %parti/s 8, 0, 2;
    %load/vec4 v0x556f740be5c0_0;
    %parti/s 8, 0, 2;
    %or;
    %concat/vec4; draw_concat_vec4
    %assign/vec4 v0x556f740be7d0_0, 0;
    %jmp T_0.51;
T_0.47 ;
    %load/vec4 v0x556f740be4e0_0;
    %parti/s 16, 112, 8;
    %load/vec4 v0x556f740be5c0_0;
    %parti/s 16, 112, 8;
    %or;
    %load/vec4 v0x556f740be4e0_0;
    %parti/s 16, 96, 8;
    %load/vec4 v0x556f740be5c0_0;
    %parti/s 16, 96, 8;
    %or;
    %concat/vec4; draw_concat_vec4
    %load/vec4 v0x556f740be4e0_0;
    %parti/s 16, 80, 8;
    %load/vec4 v0x556f740be5c0_0;
    %parti/s 16, 80, 8;
    %or;
    %concat/vec4; draw_concat_vec4
    %load/vec4 v0x556f740be4e0_0;
    %parti/s 16, 64, 8;
    %load/vec4 v0x556f740be5c0_0;
    %parti/s 16, 64, 8;
    %or;
    %concat/vec4; draw_concat_vec4
    %load/vec4 v0x556f740be4e0_0;
    %parti/s 16, 48, 7;
    %load/vec4 v0x556f740be5c0_0;
    %parti/s 16, 48, 7;
    %or;
    %concat/vec4; draw_concat_vec4
    %load/vec4 v0x556f740be4e0_0;
    %parti/s 16, 32, 7;
    %load/vec4 v0x556f740be5c0_0;
    %parti/s 16, 32, 7;
    %or;
    %concat/vec4; draw_concat_vec4
    %load/vec4 v0x556f740be4e0_0;
    %parti/s 16, 16, 6;
    %load/vec4 v0x556f740be5c0_0;
    %parti/s 16, 16, 6;
    %or;
    %concat/vec4; draw_concat_vec4
    %load/vec4 v0x556f740be4e0_0;
    %parti/s 16, 0, 2;
    %load/vec4 v0x556f740be5c0_0;
    %parti/s 16, 0, 2;
    %or;
    %concat/vec4; draw_concat_vec4
    %assign/vec4 v0x556f740be7d0_0, 0;
    %jmp T_0.51;
T_0.48 ;
    %load/vec4 v0x556f740be4e0_0;
    %parti/s 32, 96, 8;
    %load/vec4 v0x556f740be5c0_0;
    %parti/s 32, 96, 8;
    %or;
    %load/vec4 v0x556f740be4e0_0;
    %parti/s 32, 64, 8;
    %load/vec4 v0x556f740be5c0_0;
    %parti/s 32, 64, 8;
    %or;
    %concat/vec4; draw_concat_vec4
    %load/vec4 v0x556f740be4e0_0;
    %parti/s 32, 32, 7;
    %load/vec4 v0x556f740be5c0_0;
    %parti/s 32, 32, 7;
    %or;
    %concat/vec4; draw_concat_vec4
    %load/vec4 v0x556f740be4e0_0;
    %parti/s 32, 0, 2;
    %load/vec4 v0x556f740be5c0_0;
    %parti/s 32, 0, 2;
    %or;
    %concat/vec4; draw_concat_vec4
    %assign/vec4 v0x556f740be7d0_0, 0;
    %jmp T_0.51;
T_0.49 ;
    %load/vec4 v0x556f740be4e0_0;
    %parti/s 64, 64, 8;
    %load/vec4 v0x556f740be5c0_0;
    %parti/s 64, 64, 8;
    %or;
    %load/vec4 v0x556f740be4e0_0;
    %parti/s 64, 0, 2;
    %load/vec4 v0x556f740be5c0_0;
    %parti/s 64, 0, 2;
    %or;
    %concat/vec4; draw_concat_vec4
    %assign/vec4 v0x556f740be7d0_0, 0;
    %jmp T_0.51;
T_0.50 ;
    %load/vec4 v0x556f740be4e0_0;
    %load/vec4 v0x556f740be5c0_0;
    %or;
    %assign/vec4 v0x556f740be7d0_0, 0;
    %jmp T_0.51;
T_0.51 ;
    %pop/vec4 1;
    %jmp T_0.9;
T_0.7 ;
    %load/vec4 v0x556f740be360_0;
    %dup/vec4;
    %pushi/vec4 0, 0, 3;
    %cmp/u;
    %jmp/1 T_0.52, 6;
    %dup/vec4;
    %pushi/vec4 1, 0, 3;
    %cmp/u;
    %jmp/1 T_0.53, 6;
    %dup/vec4;
    %pushi/vec4 2, 0, 3;
    %cmp/u;
    %jmp/1 T_0.54, 6;
    %dup/vec4;
    %pushi/vec4 3, 0, 3;
    %cmp/u;
    %jmp/1 T_0.55, 6;
    %dup/vec4;
    %pushi/vec4 4, 0, 3;
    %cmp/u;
    %jmp/1 T_0.56, 6;
    %jmp T_0.57;
T_0.52 ;
    %load/vec4 v0x556f740be4e0_0;
    %parti/s 8, 120, 8;
    %load/vec4 v0x556f740be5c0_0;
    %parti/s 8, 120, 8;
    %or;
    %cmpi/ne 0, 0, 8;
    %flag_mov 8, 4;
    %jmp/0 T_0.58, 8;
    %pushi/vec4 1, 0, 1;
    %jmp/1 T_0.59, 8;
T_0.58 ; End of true expr.
    %pushi/vec4 0, 0, 1;
    %jmp/0 T_0.59, 8;
 ; End of false expr.
    %blend;
T_0.59;
    %load/vec4 v0x556f740be4e0_0;
    %parti/s 8, 112, 8;
    %load/vec4 v0x556f740be5c0_0;
    %parti/s 8, 112, 8;
    %or;
    %cmpi/ne 0, 0, 8;
    %flag_mov 8, 4;
    %jmp/0 T_0.60, 8;
    %pushi/vec4 1, 0, 1;
    %jmp/1 T_0.61, 8;
T_0.60 ; End of true expr.
    %pushi/vec4 0, 0, 1;
    %jmp/0 T_0.61, 8;
 ; End of false expr.
    %blend;
T_0.61;
    %concat/vec4; draw_concat_vec4
    %load/vec4 v0x556f740be4e0_0;
    %parti/s 8, 104, 8;
    %load/vec4 v0x556f740be5c0_0;
    %parti/s 8, 104, 8;
    %or;
    %cmpi/ne 0, 0, 8;
    %flag_mov 8, 4;
    %jmp/0 T_0.62, 8;
    %pushi/vec4 1, 0, 1;
    %jmp/1 T_0.63, 8;
T_0.62 ; End of true expr.
    %pushi/vec4 0, 0, 1;
    %jmp/0 T_0.63, 8;
 ; End of false expr.
    %blend;
T_0.63;
    %concat/vec4; draw_concat_vec4
    %load/vec4 v0x556f740be4e0_0;
    %parti/s 8, 96, 8;
    %load/vec4 v0x556f740be5c0_0;
    %parti/s 8, 96, 8;
    %or;
    %cmpi/ne 0, 0, 8;
    %flag_mov 8, 4;
    %jmp/0 T_0.64, 8;
    %pushi/vec4 1, 0, 1;
    %jmp/1 T_0.65, 8;
T_0.64 ; End of true expr.
    %pushi/vec4 0, 0, 1;
    %jmp/0 T_0.65, 8;
 ; End of false expr.
    %blend;
T_0.65;
    %concat/vec4; draw_concat_vec4
    %load/vec4 v0x556f740be4e0_0;
    %parti/s 8, 88, 8;
    %load/vec4 v0x556f740be5c0_0;
    %parti/s 8, 88, 8;
    %or;
    %cmpi/ne 0, 0, 8;
    %flag_mov 8, 4;
    %jmp/0 T_0.66, 8;
    %pushi/vec4 1, 0, 1;
    %jmp/1 T_0.67, 8;
T_0.66 ; End of true expr.
    %pushi/vec4 0, 0, 1;
    %jmp/0 T_0.67, 8;
 ; End of false expr.
    %blend;
T_0.67;
    %concat/vec4; draw_concat_vec4
    %load/vec4 v0x556f740be4e0_0;
    %parti/s 8, 80, 8;
    %load/vec4 v0x556f740be5c0_0;
    %parti/s 8, 80, 8;
    %or;
    %cmpi/ne 0, 0, 8;
    %flag_mov 8, 4;
    %jmp/0 T_0.68, 8;
    %pushi/vec4 1, 0, 1;
    %jmp/1 T_0.69, 8;
T_0.68 ; End of true expr.
    %pushi/vec4 0, 0, 1;
    %jmp/0 T_0.69, 8;
 ; End of false expr.
    %blend;
T_0.69;
    %concat/vec4; draw_concat_vec4
    %load/vec4 v0x556f740be4e0_0;
    %parti/s 8, 72, 8;
    %load/vec4 v0x556f740be5c0_0;
    %parti/s 8, 72, 8;
    %or;
    %cmpi/ne 0, 0, 8;
    %flag_mov 8, 4;
    %jmp/0 T_0.70, 8;
    %pushi/vec4 1, 0, 1;
    %jmp/1 T_0.71, 8;
T_0.70 ; End of true expr.
    %pushi/vec4 0, 0, 1;
    %jmp/0 T_0.71, 8;
 ; End of false expr.
    %blend;
T_0.71;
    %concat/vec4; draw_concat_vec4
    %load/vec4 v0x556f740be4e0_0;
    %parti/s 8, 64, 8;
    %load/vec4 v0x556f740be5c0_0;
    %parti/s 8, 64, 8;
    %or;
    %cmpi/ne 0, 0, 8;
    %flag_mov 8, 4;
    %jmp/0 T_0.72, 8;
    %pushi/vec4 1, 0, 1;
    %jmp/1 T_0.73, 8;
T_0.72 ; End of true expr.
    %pushi/vec4 0, 0, 1;
    %jmp/0 T_0.73, 8;
 ; End of false expr.
    %blend;
T_0.73;
    %concat/vec4; draw_concat_vec4
    %load/vec4 v0x556f740be4e0_0;
    %parti/s 8, 56, 7;
    %load/vec4 v0x556f740be5c0_0;
    %parti/s 8, 56, 7;
    %or;
    %cmpi/ne 0, 0, 8;
    %flag_mov 8, 4;
    %jmp/0 T_0.74, 8;
    %pushi/vec4 1, 0, 1;
    %jmp/1 T_0.75, 8;
T_0.74 ; End of true expr.
    %pushi/vec4 0, 0, 1;
    %jmp/0 T_0.75, 8;
 ; End of false expr.
    %blend;
T_0.75;
    %concat/vec4; draw_concat_vec4
    %load/vec4 v0x556f740be4e0_0;
    %parti/s 8, 48, 7;
    %load/vec4 v0x556f740be5c0_0;
    %parti/s 8, 48, 7;
    %or;
    %cmpi/ne 0, 0, 8;
    %flag_mov 8, 4;
    %jmp/0 T_0.76, 8;
    %pushi/vec4 1, 0, 1;
    %jmp/1 T_0.77, 8;
T_0.76 ; End of true expr.
    %pushi/vec4 0, 0, 1;
    %jmp/0 T_0.77, 8;
 ; End of false expr.
    %blend;
T_0.77;
    %concat/vec4; draw_concat_vec4
    %load/vec4 v0x556f740be4e0_0;
    %parti/s 8, 40, 7;
    %load/vec4 v0x556f740be5c0_0;
    %parti/s 8, 40, 7;
    %or;
    %cmpi/ne 0, 0, 8;
    %flag_mov 8, 4;
    %jmp/0 T_0.78, 8;
    %pushi/vec4 1, 0, 1;
    %jmp/1 T_0.79, 8;
T_0.78 ; End of true expr.
    %pushi/vec4 0, 0, 1;
    %jmp/0 T_0.79, 8;
 ; End of false expr.
    %blend;
T_0.79;
    %concat/vec4; draw_concat_vec4
    %load/vec4 v0x556f740be4e0_0;
    %parti/s 8, 32, 7;
    %load/vec4 v0x556f740be5c0_0;
    %parti/s 8, 32, 7;
    %or;
    %cmpi/ne 0, 0, 8;
    %flag_mov 8, 4;
    %jmp/0 T_0.80, 8;
    %pushi/vec4 1, 0, 1;
    %jmp/1 T_0.81, 8;
T_0.80 ; End of true expr.
    %pushi/vec4 0, 0, 1;
    %jmp/0 T_0.81, 8;
 ; End of false expr.
    %blend;
T_0.81;
    %concat/vec4; draw_concat_vec4
    %load/vec4 v0x556f740be4e0_0;
    %parti/s 8, 24, 6;
    %load/vec4 v0x556f740be5c0_0;
    %parti/s 8, 24, 6;
    %or;
    %cmpi/ne 0, 0, 8;
    %flag_mov 8, 4;
    %jmp/0 T_0.82, 8;
    %pushi/vec4 1, 0, 1;
    %jmp/1 T_0.83, 8;
T_0.82 ; End of true expr.
    %pushi/vec4 0, 0, 1;
    %jmp/0 T_0.83, 8;
 ; End of false expr.
    %blend;
T_0.83;
    %concat/vec4; draw_concat_vec4
    %load/vec4 v0x556f740be4e0_0;
    %parti/s 8, 16, 6;
    %load/vec4 v0x556f740be5c0_0;
    %parti/s 8, 16, 6;
    %or;
    %cmpi/ne 0, 0, 8;
    %flag_mov 8, 4;
    %jmp/0 T_0.84, 8;
    %pushi/vec4 1, 0, 1;
    %jmp/1 T_0.85, 8;
T_0.84 ; End of true expr.
    %pushi/vec4 0, 0, 1;
    %jmp/0 T_0.85, 8;
 ; End of false expr.
    %blend;
T_0.85;
    %concat/vec4; draw_concat_vec4
    %load/vec4 v0x556f740be4e0_0;
    %parti/s 8, 8, 5;
    %load/vec4 v0x556f740be5c0_0;
    %parti/s 8, 8, 5;
    %or;
    %cmpi/ne 0, 0, 8;
    %flag_mov 8, 4;
    %jmp/0 T_0.86, 8;
    %pushi/vec4 1, 0, 1;
    %jmp/1 T_0.87, 8;
T_0.86 ; End of true expr.
    %pushi/vec4 0, 0, 1;
    %jmp/0 T_0.87, 8;
 ; End of false expr.
    %blend;
T_0.87;
    %concat/vec4; draw_concat_vec4
    %load/vec4 v0x556f740be4e0_0;
    %parti/s 8, 0, 2;
    %load/vec4 v0x556f740be5c0_0;
    %parti/s 8, 0, 2;
    %or;
    %cmpi/ne 0, 0, 8;
    %flag_mov 8, 4;
    %jmp/0 T_0.88, 8;
    %pushi/vec4 1, 0, 1;
    %jmp/1 T_0.89, 8;
T_0.88 ; End of true expr.
    %pushi/vec4 0, 0, 1;
    %jmp/0 T_0.89, 8;
 ; End of false expr.
    %blend;
T_0.89;
    %concat/vec4; draw_concat_vec4
    %pad/u 128;
    %assign/vec4 v0x556f740be7d0_0, 0;
    %jmp T_0.57;
T_0.53 ;
    %load/vec4 v0x556f740be4e0_0;
    %parti/s 16, 112, 8;
    %load/vec4 v0x556f740be5c0_0;
    %parti/s 16, 112, 8;
    %or;
    %cmpi/ne 0, 0, 16;
    %flag_mov 8, 4;
    %jmp/0 T_0.90, 8;
    %pushi/vec4 1, 0, 1;
    %jmp/1 T_0.91, 8;
T_0.90 ; End of true expr.
    %pushi/vec4 0, 0, 1;
    %jmp/0 T_0.91, 8;
 ; End of false expr.
    %blend;
T_0.91;
    %load/vec4 v0x556f740be4e0_0;
    %parti/s 16, 96, 8;
    %load/vec4 v0x556f740be5c0_0;
    %parti/s 16, 96, 8;
    %or;
    %cmpi/ne 0, 0, 16;
    %flag_mov 8, 4;
    %jmp/0 T_0.92, 8;
    %pushi/vec4 1, 0, 1;
    %jmp/1 T_0.93, 8;
T_0.92 ; End of true expr.
    %pushi/vec4 0, 0, 1;
    %jmp/0 T_0.93, 8;
 ; End of false expr.
    %blend;
T_0.93;
    %concat/vec4; draw_concat_vec4
    %load/vec4 v0x556f740be4e0_0;
    %parti/s 16, 80, 8;
    %load/vec4 v0x556f740be5c0_0;
    %parti/s 16, 80, 8;
    %or;
    %cmpi/ne 0, 0, 16;
    %flag_mov 8, 4;
    %jmp/0 T_0.94, 8;
    %pushi/vec4 1, 0, 1;
    %jmp/1 T_0.95, 8;
T_0.94 ; End of true expr.
    %pushi/vec4 0, 0, 1;
    %jmp/0 T_0.95, 8;
 ; End of false expr.
    %blend;
T_0.95;
    %concat/vec4; draw_concat_vec4
    %load/vec4 v0x556f740be4e0_0;
    %parti/s 16, 64, 8;
    %load/vec4 v0x556f740be5c0_0;
    %parti/s 16, 64, 8;
    %or;
    %cmpi/ne 0, 0, 16;
    %flag_mov 8, 4;
    %jmp/0 T_0.96, 8;
    %pushi/vec4 1, 0, 1;
    %jmp/1 T_0.97, 8;
T_0.96 ; End of true expr.
    %pushi/vec4 0, 0, 1;
    %jmp/0 T_0.97, 8;
 ; End of false expr.
    %blend;
T_0.97;
    %concat/vec4; draw_concat_vec4
    %load/vec4 v0x556f740be4e0_0;
    %parti/s 16, 48, 7;
    %load/vec4 v0x556f740be5c0_0;
    %parti/s 16, 48, 7;
    %or;
    %cmpi/ne 0, 0, 16;
    %flag_mov 8, 4;
    %jmp/0 T_0.98, 8;
    %pushi/vec4 1, 0, 1;
    %jmp/1 T_0.99, 8;
T_0.98 ; End of true expr.
    %pushi/vec4 0, 0, 1;
    %jmp/0 T_0.99, 8;
 ; End of false expr.
    %blend;
T_0.99;
    %concat/vec4; draw_concat_vec4
    %load/vec4 v0x556f740be4e0_0;
    %parti/s 16, 32, 7;
    %load/vec4 v0x556f740be5c0_0;
    %parti/s 16, 32, 7;
    %or;
    %cmpi/ne 0, 0, 16;
    %flag_mov 8, 4;
    %jmp/0 T_0.100, 8;
    %pushi/vec4 1, 0, 1;
    %jmp/1 T_0.101, 8;
T_0.100 ; End of true expr.
    %pushi/vec4 0, 0, 1;
    %jmp/0 T_0.101, 8;
 ; End of false expr.
    %blend;
T_0.101;
    %concat/vec4; draw_concat_vec4
    %load/vec4 v0x556f740be4e0_0;
    %parti/s 16, 16, 6;
    %load/vec4 v0x556f740be5c0_0;
    %parti/s 16, 16, 6;
    %or;
    %cmpi/ne 0, 0, 16;
    %flag_mov 8, 4;
    %jmp/0 T_0.102, 8;
    %pushi/vec4 1, 0, 1;
    %jmp/1 T_0.103, 8;
T_0.102 ; End of true expr.
    %pushi/vec4 0, 0, 1;
    %jmp/0 T_0.103, 8;
 ; End of false expr.
    %blend;
T_0.103;
    %concat/vec4; draw_concat_vec4
    %load/vec4 v0x556f740be4e0_0;
    %parti/s 16, 0, 2;
    %load/vec4 v0x556f740be5c0_0;
    %parti/s 16, 0, 2;
    %or;
    %cmpi/ne 0, 0, 16;
    %flag_mov 8, 4;
    %jmp/0 T_0.104, 8;
    %pushi/vec4 1, 0, 1;
    %jmp/1 T_0.105, 8;
T_0.104 ; End of true expr.
    %pushi/vec4 0, 0, 1;
    %jmp/0 T_0.105, 8;
 ; End of false expr.
    %blend;
T_0.105;
    %concat/vec4; draw_concat_vec4
    %pad/u 128;
    %assign/vec4 v0x556f740be7d0_0, 0;
    %jmp T_0.57;
T_0.54 ;
    %load/vec4 v0x556f740be4e0_0;
    %parti/s 32, 96, 8;
    %load/vec4 v0x556f740be5c0_0;
    %parti/s 32, 96, 8;
    %or;
    %cmpi/ne 0, 0, 32;
    %flag_mov 8, 4;
    %jmp/0 T_0.106, 8;
    %pushi/vec4 1, 0, 1;
    %jmp/1 T_0.107, 8;
T_0.106 ; End of true expr.
    %pushi/vec4 0, 0, 1;
    %jmp/0 T_0.107, 8;
 ; End of false expr.
    %blend;
T_0.107;
    %load/vec4 v0x556f740be4e0_0;
    %parti/s 32, 64, 8;
    %load/vec4 v0x556f740be5c0_0;
    %parti/s 32, 64, 8;
    %or;
    %cmpi/ne 0, 0, 32;
    %flag_mov 8, 4;
    %jmp/0 T_0.108, 8;
    %pushi/vec4 1, 0, 1;
    %jmp/1 T_0.109, 8;
T_0.108 ; End of true expr.
    %pushi/vec4 0, 0, 1;
    %jmp/0 T_0.109, 8;
 ; End of false expr.
    %blend;
T_0.109;
    %concat/vec4; draw_concat_vec4
    %load/vec4 v0x556f740be4e0_0;
    %parti/s 32, 32, 7;
    %load/vec4 v0x556f740be5c0_0;
    %parti/s 32, 32, 7;
    %or;
    %cmpi/ne 0, 0, 32;
    %flag_mov 8, 4;
    %jmp/0 T_0.110, 8;
    %pushi/vec4 1, 0, 1;
    %jmp/1 T_0.111, 8;
T_0.110 ; End of true expr.
    %pushi/vec4 0, 0, 1;
    %jmp/0 T_0.111, 8;
 ; End of false expr.
    %blend;
T_0.111;
    %concat/vec4; draw_concat_vec4
    %load/vec4 v0x556f740be4e0_0;
    %parti/s 32, 0, 2;
    %load/vec4 v0x556f740be5c0_0;
    %parti/s 32, 0, 2;
    %or;
    %cmpi/ne 0, 0, 32;
    %flag_mov 8, 4;
    %jmp/0 T_0.112, 8;
    %pushi/vec4 1, 0, 1;
    %jmp/1 T_0.113, 8;
T_0.112 ; End of true expr.
    %pushi/vec4 0, 0, 1;
    %jmp/0 T_0.113, 8;
 ; End of false expr.
    %blend;
T_0.113;
    %concat/vec4; draw_concat_vec4
    %pad/u 128;
    %assign/vec4 v0x556f740be7d0_0, 0;
    %jmp T_0.57;
T_0.55 ;
    %load/vec4 v0x556f740be4e0_0;
    %parti/s 64, 64, 8;
    %load/vec4 v0x556f740be5c0_0;
    %parti/s 64, 64, 8;
    %or;
    %cmpi/ne 0, 0, 64;
    %flag_mov 8, 4;
    %jmp/0 T_0.114, 8;
    %pushi/vec4 1, 0, 1;
    %jmp/1 T_0.115, 8;
T_0.114 ; End of true expr.
    %pushi/vec4 0, 0, 1;
    %jmp/0 T_0.115, 8;
 ; End of false expr.
    %blend;
T_0.115;
    %load/vec4 v0x556f740be4e0_0;
    %parti/s 64, 0, 2;
    %load/vec4 v0x556f740be5c0_0;
    %parti/s 64, 0, 2;
    %or;
    %cmpi/ne 0, 0, 64;
    %flag_mov 8, 4;
    %jmp/0 T_0.116, 8;
    %pushi/vec4 1, 0, 1;
    %jmp/1 T_0.117, 8;
T_0.116 ; End of true expr.
    %pushi/vec4 0, 0, 1;
    %jmp/0 T_0.117, 8;
 ; End of false expr.
    %blend;
T_0.117;
    %concat/vec4; draw_concat_vec4
    %pad/u 128;
    %assign/vec4 v0x556f740be7d0_0, 0;
    %jmp T_0.57;
T_0.56 ;
    %load/vec4 v0x556f740be4e0_0;
    %load/vec4 v0x556f740be5c0_0;
    %or;
    %assign/vec4 v0x556f740be7d0_0, 0;
    %jmp T_0.57;
T_0.57 ;
    %pop/vec4 1;
    %jmp T_0.9;
T_0.9 ;
    %pop/vec4 1;
    %jmp T_0;
    .thread T_0, $push;
    .scope S_0x556f73ff2110;
T_1 ;
    %pushi/vec4 2, 0, 3;
    %store/vec4 v0x556f740bea50_0, 0, 3;
    %pushi/vec4 2281701376, 0, 123;
    %concati/vec4 18, 0, 5;
    %store/vec4 v0x556f740beb90_0, 0, 128;
    %pushi/vec4 3221225472, 0, 126;
    %concati/vec4 2, 0, 2;
    %store/vec4 v0x556f740bec30_0, 0, 128;
    %pushi/vec4 2684354560, 0, 123;
    %concati/vec4 20, 0, 5;
    %store/vec4 v0x556f740bedc0_0, 0, 128;
    %pushi/vec4 0, 0, 3;
    %store/vec4 v0x556f740be970_0, 0, 3;
    %delay 10, 0;
    %load/vec4 v0x556f740bed20_0;
    %load/vec4 v0x556f740bedc0_0;
    %cmp/ne;
    %jmp/0xz  T_1.0, 6;
    %vpi_call 2 47 "$display", "[FAIL] %s (got:0b%b expected:0b%b)", "Test ADD with different numbers.", v0x556f740bed20_0, v0x556f740bedc0_0 {0 0 0};
T_1.0 ;
    %pushi/vec4 0, 0, 3;
    %store/vec4 v0x556f740bea50_0, 0, 3;
    %pushi/vec4 2155905152, 0, 103;
    %concati/vec4 16843009, 0, 25;
    %store/vec4 v0x556f740beb90_0, 0, 128;
    %pushi/vec4 2155905152, 0, 103;
    %concati/vec4 16843009, 0, 25;
    %store/vec4 v0x556f740bec30_0, 0, 128;
    %pushi/vec4 0, 0, 128;
    %store/vec4 v0x556f740bedc0_0, 0, 128;
    %pushi/vec4 1, 0, 3;
    %store/vec4 v0x556f740be970_0, 0, 3;
    %delay 10, 0;
    %load/vec4 v0x556f740bed20_0;
    %load/vec4 v0x556f740bedc0_0;
    %cmp/ne;
    %jmp/0xz  T_1.2, 6;
    %vpi_call 2 55 "$display", "[FAIL] %s (got:0b%b expected:0b%b)", "Test ADD with different numbers.", v0x556f740bed20_0, v0x556f740bedc0_0 {0 0 0};
T_1.2 ;
    %end;
    .thread T_1;
# The file index is used to find the file name in the following table.
:file_names 4;
    "N/A";
    "<interactive>";
    "aluv.t.v";
    "./aluv.v";
